<?xml version="1.0" encoding="UTF-8"?>
<coverage generated="1602230552">
  <project timestamp="1602230552">
    <file name="/Users/shooterdev/Projet/ShooterDev/LAB/PHP/api_mangatheque/src/Controller/SecurityController.php">
      <class name="App\Controller\SecurityController" namespace="global">
        <metrics complexity="14" methods="5" coveredmethods="3" conditionals="0" coveredconditionals="0" statements="53" coveredstatements="50" elements="58" coveredelements="53"/>
      </class>
      <line num="64" type="method" name="registration" visibility="public" complexity="4" crap="4" count="2"/>
      <line num="66" type="stmt" count="2"/>
      <line num="67" type="stmt" count="2"/>
      <line num="69" type="stmt" count="2"/>
      <line num="70" type="stmt" count="2"/>
      <line num="71" type="stmt" count="2"/>
      <line num="73" type="stmt" count="2"/>
      <line num="74" type="stmt" count="2"/>
      <line num="75" type="stmt" count="2"/>
      <line num="77" type="stmt" count="2"/>
      <line num="78" type="stmt" count="2"/>
      <line num="79" type="stmt" count="2"/>
      <line num="80" type="stmt" count="2"/>
      <line num="83" type="stmt" count="2"/>
      <line num="84" type="stmt" count="2"/>
      <line num="93" type="method" name="login" visibility="public" complexity="1" crap="1" count="2"/>
      <line num="95" type="stmt" count="2"/>
      <line num="96" type="stmt" count="2"/>
      <line num="97" type="stmt" count="2"/>
      <line num="103" type="method" name="logout" visibility="public" complexity="1" crap="2" count="0"/>
      <line num="105" type="stmt" count="0"/>
      <line num="114" type="method" name="forgottenPassword" visibility="public" complexity="3" crap="3" count="3"/>
      <line num="116" type="stmt" count="3"/>
      <line num="118" type="stmt" count="3"/>
      <line num="120" type="stmt" count="3"/>
      <line num="122" type="stmt" count="2"/>
      <line num="123" type="stmt" count="2"/>
      <line num="125" type="stmt" count="2"/>
      <line num="127" type="stmt" count="2"/>
      <line num="128" type="stmt" count="2"/>
      <line num="129" type="stmt" count="2"/>
      <line num="130" type="stmt" count="2"/>
      <line num="131" type="stmt" count="2"/>
      <line num="132" type="stmt" count="2"/>
      <line num="134" type="stmt" count="2"/>
      <line num="135" type="stmt" count="2"/>
      <line num="136" type="stmt" count="2"/>
      <line num="139" type="stmt" count="2"/>
      <line num="142" type="stmt" count="3"/>
      <line num="143" type="stmt" count="3"/>
      <line num="156" type="method" name="resetPassword" visibility="public" complexity="5" crap="5.04" count="2"/>
      <line num="162" type="stmt" count="2"/>
      <line num="163" type="stmt" count="2"/>
      <line num="165" type="stmt" count="0"/>
      <line num="166" type="stmt" count="0"/>
      <line num="169" type="stmt" count="2"/>
      <line num="170" type="stmt" count="2"/>
      <line num="171" type="stmt" count="2"/>
      <line num="173" type="stmt" count="2"/>
      <line num="174" type="stmt" count="2"/>
      <line num="175" type="stmt" count="2"/>
      <line num="177" type="stmt" count="2"/>
      <line num="178" type="stmt" count="2"/>
      <line num="179" type="stmt" count="2"/>
      <line num="180" type="stmt" count="2"/>
      <line num="182" type="stmt" count="2"/>
      <line num="185" type="stmt" count="2"/>
      <line num="186" type="stmt" count="2"/>
      <metrics loc="189" ncloc="132" classes="1" methods="5" coveredmethods="3" conditionals="0" coveredconditionals="0" statements="53" coveredstatements="50" elements="58" coveredelements="53"/>
    </file>
    <file name="/Users/shooterdev/Projet/ShooterDev/LAB/PHP/api_mangatheque/src/DataFixtures/AppFixtures.php">
      <class name="App\DataFixtures\AppFixtures" namespace="global">
        <metrics complexity="1" methods="1" coveredmethods="0" conditionals="0" coveredconditionals="0" statements="2" coveredstatements="0" elements="3" coveredelements="0"/>
      </class>
      <line num="10" type="method" name="load" visibility="public" complexity="1" crap="2" count="0"/>
      <line num="15" type="stmt" count="0"/>
      <line num="16" type="stmt" count="0"/>
      <metrics loc="17" ncloc="15" classes="1" methods="1" coveredmethods="0" conditionals="0" coveredconditionals="0" statements="2" coveredstatements="0" elements="3" coveredelements="0"/>
    </file>
    <file name="/Users/shooterdev/Projet/ShooterDev/LAB/PHP/api_mangatheque/src/DataFixtures/UserFixtures.php">
      <class name="App\DataFixtures\UserFixtures" namespace="global">
        <metrics complexity="2" methods="2" coveredmethods="0" conditionals="0" coveredconditionals="0" statements="19" coveredstatements="0" elements="21" coveredelements="0"/>
      </class>
      <line num="47" type="method" name="__construct" visibility="public" complexity="1" crap="2" count="0"/>
      <line num="49" type="stmt" count="0"/>
      <line num="50" type="stmt" count="0"/>
      <line num="54" type="method" name="load" visibility="public" complexity="1" crap="2" count="0"/>
      <line num="56" type="stmt" count="0"/>
      <line num="57" type="stmt" count="0"/>
      <line num="58" type="stmt" count="0"/>
      <line num="59" type="stmt" count="0"/>
      <line num="60" type="stmt" count="0"/>
      <line num="61" type="stmt" count="0"/>
      <line num="63" type="stmt" count="0"/>
      <line num="64" type="stmt" count="0"/>
      <line num="66" type="stmt" count="0"/>
      <line num="67" type="stmt" count="0"/>
      <line num="68" type="stmt" count="0"/>
      <line num="69" type="stmt" count="0"/>
      <line num="70" type="stmt" count="0"/>
      <line num="71" type="stmt" count="0"/>
      <line num="73" type="stmt" count="0"/>
      <line num="74" type="stmt" count="0"/>
      <line num="89" type="stmt" count="0"/>
      <metrics loc="90" ncloc="58" classes="1" methods="2" coveredmethods="0" conditionals="0" coveredconditionals="0" statements="19" coveredstatements="0" elements="21" coveredelements="0"/>
    </file>
    <file name="/Users/shooterdev/Projet/ShooterDev/LAB/PHP/api_mangatheque/src/Doctrine/UuidType.php">
      <class name="App\Doctrine\UuidType" namespace="global">
        <metrics complexity="13" methods="3" coveredmethods="0" conditionals="0" coveredconditionals="0" statements="17" coveredstatements="12" elements="20" coveredelements="12"/>
      </class>
      <line num="45" type="method" name="getName" visibility="public" complexity="1" crap="2" count="0"/>
      <line num="47" type="stmt" count="0"/>
      <line num="55" type="method" name="convertToPHPValue" visibility="public" complexity="5" crap="6.32" count="3"/>
      <line num="57" type="stmt" count="3"/>
      <line num="58" type="stmt" count="3"/>
      <line num="61" type="stmt" count="3"/>
      <line num="62" type="stmt" count="0"/>
      <line num="66" type="stmt" count="3"/>
      <line num="67" type="stmt" count="0"/>
      <line num="68" type="stmt" count="0"/>
      <line num="71" type="stmt" count="3"/>
      <line num="79" type="method" name="convertToDatabaseValue" visibility="public" complexity="7" crap="7.10" count="4"/>
      <line num="81" type="stmt" count="4"/>
      <line num="82" type="stmt" count="4"/>
      <line num="86" type="stmt" count="4"/>
      <line num="87" type="stmt" count="2"/>
      <line num="88" type="stmt" count="2"/>
      <line num="89" type="stmt" count="4"/>
      <line num="91" type="stmt" count="4"/>
      <line num="94" type="stmt" count="0"/>
      <metrics loc="96" ncloc="59" classes="1" methods="3" coveredmethods="0" conditionals="0" coveredconditionals="0" statements="17" coveredstatements="12" elements="20" coveredelements="12"/>
    </file>
    <file name="/Users/shooterdev/Projet/ShooterDev/LAB/PHP/api_mangatheque/src/Dto/ForgottenPasswordInput.php">
      <class name="App\Dto\ForgottenPasswordInput" namespace="global">
        <metrics complexity="2" methods="2" coveredmethods="2" conditionals="0" coveredconditionals="0" statements="3" coveredstatements="3" elements="5" coveredelements="5"/>
      </class>
      <line num="50" type="method" name="getEmail" visibility="public" complexity="1" crap="1" count="3"/>
      <line num="52" type="stmt" count="3"/>
      <line num="57" type="method" name="setEmail" visibility="public" complexity="1" crap="1" count="3"/>
      <line num="59" type="stmt" count="3"/>
      <line num="60" type="stmt" count="3"/>
      <metrics loc="61" ncloc="22" classes="1" methods="2" coveredmethods="2" conditionals="0" coveredconditionals="0" statements="3" coveredstatements="3" elements="5" coveredelements="5"/>
    </file>
    <file name="/Users/shooterdev/Projet/ShooterDev/LAB/PHP/api_mangatheque/src/Entity/Admin.php">
      <class name="App\Entity\Admin" namespace="global">
        <metrics complexity="1" methods="1" coveredmethods="1" conditionals="0" coveredconditionals="0" statements="1" coveredstatements="1" elements="2" coveredelements="2"/>
      </class>
      <line num="44" type="method" name="getRoles" visibility="public" complexity="1" crap="1" count="1"/>
      <line num="46" type="stmt" count="1"/>
      <metrics loc="48" ncloc="18" classes="1" methods="1" coveredmethods="1" conditionals="0" coveredconditionals="0" statements="1" coveredstatements="1" elements="2" coveredelements="2"/>
    </file>
    <file name="/Users/shooterdev/Projet/ShooterDev/LAB/PHP/api_mangatheque/src/Entity/ForgottenPassword.php">
      <class name="App\Entity\ForgottenPassword" namespace="global">
        <metrics complexity="5" methods="5" coveredmethods="2" conditionals="0" coveredconditionals="0" statements="9" coveredstatements="4" elements="14" coveredelements="6"/>
      </class>
      <line num="55" type="method" name="__construct" visibility="public" complexity="1" crap="1" count="2"/>
      <line num="57" type="stmt" count="2"/>
      <line num="58" type="stmt" count="2"/>
      <line num="59" type="stmt" count="2"/>
      <line num="63" type="method" name="getToken" visibility="public" complexity="1" crap="1" count="2"/>
      <line num="65" type="stmt" count="2"/>
      <line num="70" type="method" name="setToken" visibility="public" complexity="1" crap="2" count="0"/>
      <line num="72" type="stmt" count="0"/>
      <line num="73" type="stmt" count="0"/>
      <line num="77" type="method" name="getRequestedAt" visibility="public" complexity="1" crap="2" count="0"/>
      <line num="79" type="stmt" count="0"/>
      <line num="84" type="method" name="setRequestedAt" visibility="public" complexity="1" crap="2" count="0"/>
      <line num="86" type="stmt" count="0"/>
      <line num="87" type="stmt" count="0"/>
      <metrics loc="88" ncloc="37" classes="1" methods="5" coveredmethods="2" conditionals="0" coveredconditionals="0" statements="9" coveredstatements="4" elements="14" coveredelements="6"/>
    </file>
    <file name="/Users/shooterdev/Projet/ShooterDev/LAB/PHP/api_mangatheque/src/Entity/User.php">
      <class name="App\Entity\User" namespace="global">
        <metrics complexity="19" methods="19" coveredmethods="16" conditionals="0" coveredconditionals="0" statements="29" coveredstatements="25" elements="48" coveredelements="41"/>
      </class>
      <line num="92" type="method" name="getId" visibility="public" complexity="1" crap="2" count="0"/>
      <line num="94" type="stmt" count="0"/>
      <line num="100" type="method" name="setId" visibility="public" complexity="1" crap="1" count="2"/>
      <line num="102" type="stmt" count="2"/>
      <line num="103" type="stmt" count="2"/>
      <line num="108" type="method" name="getFirstName" visibility="public" complexity="1" crap="1" count="2"/>
      <line num="110" type="stmt" count="2"/>
      <line num="116" type="method" name="setFirstName" visibility="public" complexity="1" crap="1" count="2"/>
      <line num="118" type="stmt" count="2"/>
      <line num="119" type="stmt" count="2"/>
      <line num="124" type="method" name="getLastName" visibility="public" complexity="1" crap="1" count="2"/>
      <line num="126" type="stmt" count="2"/>
      <line num="132" type="method" name="setLastName" visibility="public" complexity="1" crap="1" count="2"/>
      <line num="134" type="stmt" count="2"/>
      <line num="135" type="stmt" count="2"/>
      <line num="140" type="method" name="getEmail" visibility="public" complexity="1" crap="1" count="4"/>
      <line num="142" type="stmt" count="4"/>
      <line num="148" type="method" name="setEmail" visibility="public" complexity="1" crap="1" count="2"/>
      <line num="150" type="stmt" count="2"/>
      <line num="151" type="stmt" count="2"/>
      <line num="156" type="method" name="getPassword" visibility="public" complexity="1" crap="1" count="1"/>
      <line num="158" type="stmt" count="1"/>
      <line num="164" type="method" name="setPassword" visibility="public" complexity="1" crap="1" count="4"/>
      <line num="166" type="stmt" count="4"/>
      <line num="167" type="stmt" count="4"/>
      <line num="168" type="stmt" count="4"/>
      <line num="173" type="method" name="getPlainPassword" visibility="public" complexity="1" crap="1" count="4"/>
      <line num="175" type="stmt" count="4"/>
      <line num="181" type="method" name="setPlainPassword" visibility="public" complexity="1" crap="1" count="4"/>
      <line num="183" type="stmt" count="4"/>
      <line num="184" type="stmt" count="4"/>
      <line num="186" type="method" name="getSalt" visibility="public" complexity="1" crap="1" count="5"/>
      <line num="188" type="stmt" count="5"/>
      <line num="192" type="method" name="getUsername" visibility="public" complexity="1" crap="2" count="0"/>
      <line num="194" type="stmt" count="0"/>
      <line num="197" type="method" name="eraseCredentials" visibility="public" complexity="1" crap="1" count="1"/>
      <line num="199" type="stmt" count="1"/>
      <line num="200" type="stmt" count="1"/>
      <line num="202" type="method" name="hasForgotHisPassword" visibility="public" complexity="1" crap="1" count="2"/>
      <line num="204" type="stmt" count="2"/>
      <line num="205" type="stmt" count="2"/>
      <line num="210" type="method" name="getFullName" visibility="public" complexity="1" crap="1" count="2"/>
      <line num="212" type="stmt" count="2"/>
      <line num="217" type="method" name="getForgottenPassword" visibility="public" complexity="1" crap="1" count="2"/>
      <line num="219" type="stmt" count="2"/>
      <line num="224" type="method" name="setForgottenPassword" visibility="public" complexity="1" crap="2" count="0"/>
      <line num="226" type="stmt" count="0"/>
      <line num="227" type="stmt" count="0"/>
      <metrics loc="228" ncloc="115" classes="1" methods="19" coveredmethods="16" conditionals="0" coveredconditionals="0" statements="29" coveredstatements="25" elements="48" coveredelements="41"/>
    </file>
    <file name="/Users/shooterdev/Projet/ShooterDev/LAB/PHP/api_mangatheque/src/Entity/Utilisateur.php">
      <class name="App\Entity\Utilisateur" namespace="global">
        <metrics complexity="1" methods="1" coveredmethods="0" conditionals="0" coveredconditionals="0" statements="1" coveredstatements="0" elements="2" coveredelements="0"/>
      </class>
      <line num="44" type="method" name="getRoles" visibility="public" complexity="1" crap="2" count="0"/>
      <line num="46" type="stmt" count="0"/>
      <metrics loc="48" ncloc="18" classes="1" methods="1" coveredmethods="0" conditionals="0" coveredconditionals="0" statements="1" coveredstatements="0" elements="2" coveredelements="0"/>
    </file>
    <file name="/Users/shooterdev/Projet/ShooterDev/LAB/PHP/api_mangatheque/src/Form/ForgottenPasswordType.php">
      <class name="App\Form\ForgottenPasswordType" namespace="global">
        <metrics complexity="2" methods="2" coveredmethods="2" conditionals="0" coveredconditionals="0" statements="4" coveredstatements="4" elements="6" coveredelements="6"/>
      </class>
      <line num="39" type="method" name="buildForm" visibility="public" complexity="1" crap="1" count="3"/>
      <line num="42" type="stmt" count="3"/>
      <line num="43" type="stmt" count="3"/>
      <line num="45" type="method" name="configureOptions" visibility="public" complexity="1" crap="1" count="3"/>
      <line num="47" type="stmt" count="3"/>
      <line num="48" type="stmt" count="3"/>
      <metrics loc="49" ncloc="27" classes="1" methods="2" coveredmethods="2" conditionals="0" coveredconditionals="0" statements="4" coveredstatements="4" elements="6" coveredelements="6"/>
    </file>
    <file name="/Users/shooterdev/Projet/ShooterDev/LAB/PHP/api_mangatheque/src/Form/RegistrationType.php">
      <class name="App\Form\RegistrationType" namespace="global">
        <metrics complexity="2" methods="2" coveredmethods="2" conditionals="0" coveredconditionals="0" statements="12" coveredstatements="12" elements="14" coveredelements="14"/>
      </class>
      <line num="42" type="method" name="buildForm" visibility="public" complexity="1" crap="1" count="2"/>
      <line num="45" type="stmt" count="2"/>
      <line num="46" type="stmt" count="2"/>
      <line num="49" type="stmt" count="2"/>
      <line num="50" type="stmt" count="2"/>
      <line num="53" type="stmt" count="2"/>
      <line num="54" type="stmt" count="2"/>
      <line num="57" type="stmt" count="2"/>
      <line num="58" type="stmt" count="2"/>
      <line num="61" type="stmt" count="2"/>
      <line num="63" type="method" name="configureOptions" visibility="public" complexity="1" crap="1" count="2"/>
      <line num="65" type="stmt" count="2"/>
      <line num="66" type="stmt" count="2"/>
      <line num="68" type="stmt" count="2"/>
      <metrics loc="69" ncloc="43" classes="1" methods="2" coveredmethods="2" conditionals="0" coveredconditionals="0" statements="12" coveredstatements="12" elements="14" coveredelements="14"/>
    </file>
    <file name="/Users/shooterdev/Projet/ShooterDev/LAB/PHP/api_mangatheque/src/Form/ResetPasswordType.php">
      <class name="App\Form\ResetPasswordType" namespace="global">
        <metrics complexity="2" methods="2" coveredmethods="2" conditionals="0" coveredconditionals="0" statements="4" coveredstatements="4" elements="6" coveredelements="6"/>
      </class>
      <line num="19" type="method" name="buildForm" visibility="public" complexity="1" crap="1" count="2"/>
      <line num="21" type="stmt" count="2"/>
      <line num="22" type="stmt" count="2"/>
      <line num="24" type="method" name="configureOptions" visibility="public" complexity="1" crap="1" count="2"/>
      <line num="26" type="stmt" count="2"/>
      <line num="27" type="stmt" count="2"/>
      <metrics loc="28" ncloc="24" classes="1" methods="2" coveredmethods="2" conditionals="0" coveredconditionals="0" statements="4" coveredstatements="4" elements="6" coveredelements="6"/>
    </file>
    <file name="/Users/shooterdev/Projet/ShooterDev/LAB/PHP/api_mangatheque/src/Kernel.php">
      <class name="App\Kernel" namespace="global">
        <metrics complexity="6" methods="2" coveredmethods="0" conditionals="0" coveredconditionals="0" statements="15" coveredstatements="5" elements="17" coveredelements="5"/>
      </class>
      <line num="14" type="method" name="configureContainer" visibility="protected" complexity="3" crap="12" count="0"/>
      <line num="16" type="stmt" count="0"/>
      <line num="17" type="stmt" count="0"/>
      <line num="19" type="stmt" count="0"/>
      <line num="20" type="stmt" count="0"/>
      <line num="21" type="stmt" count="0"/>
      <line num="22" type="stmt" count="0"/>
      <line num="23" type="stmt" count="0"/>
      <line num="25" type="stmt" count="0"/>
      <line num="27" type="method" name="configureRoutes" visibility="protected" complexity="3" crap="3.21" count="1"/>
      <line num="29" type="stmt" count="1"/>
      <line num="30" type="stmt" count="1"/>
      <line num="32" type="stmt" count="1"/>
      <line num="33" type="stmt" count="1"/>
      <line num="34" type="stmt" count="0"/>
      <line num="35" type="stmt" count="0"/>
      <line num="37" type="stmt" count="1"/>
      <metrics loc="38" ncloc="38" classes="1" methods="2" coveredmethods="0" conditionals="0" coveredconditionals="0" statements="15" coveredstatements="5" elements="17" coveredelements="5"/>
    </file>
    <file name="/Users/shooterdev/Projet/ShooterDev/LAB/PHP/api_mangatheque/src/Repository/UserRepository.php">
      <class name="App\Repository\UserRepository" namespace="global">
        <metrics complexity="2" methods="2" coveredmethods="2" conditionals="0" coveredconditionals="0" statements="7" coveredstatements="7" elements="9" coveredelements="9"/>
      </class>
      <line num="47" type="method" name="__construct" visibility="public" complexity="1" crap="1" count="3"/>
      <line num="49" type="stmt" count="3"/>
      <line num="50" type="stmt" count="3"/>
      <line num="56" type="method" name="getUserByForgottenPasswordToken" visibility="public" complexity="1" crap="1" count="2"/>
      <line num="58" type="stmt" count="2"/>
      <line num="59" type="stmt" count="2"/>
      <line num="60" type="stmt" count="2"/>
      <line num="61" type="stmt" count="2"/>
      <line num="62" type="stmt" count="2"/>
      <metrics loc="64" ncloc="28" classes="1" methods="2" coveredmethods="2" conditionals="0" coveredconditionals="0" statements="7" coveredstatements="7" elements="9" coveredelements="9"/>
    </file>
    <file name="/Users/shooterdev/Projet/ShooterDev/LAB/PHP/api_mangatheque/src/Security/Guard/WebAuthenticator.php">
      <class name="App\Security\Guard\WebAuthenticator" namespace="global">
        <metrics complexity="11" methods="8" coveredmethods="7" conditionals="0" coveredconditionals="0" statements="26" coveredstatements="25" elements="34" coveredelements="32"/>
      </class>
      <line num="67" type="method" name="__construct" visibility="public" complexity="1" crap="1" count="7"/>
      <line num="73" type="stmt" count="7"/>
      <line num="74" type="stmt" count="7"/>
      <line num="75" type="stmt" count="7"/>
      <line num="76" type="stmt" count="7"/>
      <line num="77" type="stmt" count="7"/>
      <line num="82" type="method" name="supports" visibility="public" complexity="2" crap="2" count="7"/>
      <line num="84" type="stmt" count="7"/>
      <line num="85" type="stmt" count="7"/>
      <line num="91" type="method" name="getCredentials" visibility="public" complexity="1" crap="1" count="2"/>
      <line num="94" type="stmt" count="2"/>
      <line num="95" type="stmt" count="2"/>
      <line num="96" type="stmt" count="2"/>
      <line num="98" type="stmt" count="2"/>
      <line num="99" type="stmt" count="2"/>
      <line num="100" type="stmt" count="2"/>
      <line num="103" type="stmt" count="2"/>
      <line num="110" type="method" name="getUser" visibility="public" complexity="3" crap="3.02" count="2"/>
      <line num="112" type="stmt" count="2"/>
      <line num="113" type="stmt" count="2"/>
      <line num="114" type="stmt" count="0"/>
      <line num="117" type="stmt" count="2"/>
      <line num="118" type="stmt" count="2"/>
      <line num="121" type="stmt" count="2"/>
      <line num="122" type="stmt" count="1"/>
      <line num="125" type="stmt" count="1"/>
      <line num="132" type="method" name="checkCredentials" visibility="public" complexity="1" crap="1" count="1"/>
      <line num="134" type="stmt" count="1"/>
      <line num="141" type="method" name="getPassword" visibility="public" complexity="1" crap="1" count="1"/>
      <line num="143" type="stmt" count="1"/>
      <line num="151" type="method" name="onAuthenticationSuccess" visibility="public" complexity="1" crap="1" count="1"/>
      <line num="153" type="stmt" count="1"/>
      <line num="158" type="method" name="getLoginUrl" visibility="protected" complexity="1" crap="1" count="1"/>
      <line num="160" type="stmt" count="1"/>
      <metrics loc="162" ncloc="101" classes="1" methods="8" coveredmethods="7" conditionals="0" coveredconditionals="0" statements="26" coveredstatements="25" elements="34" coveredelements="32"/>
    </file>
    <file name="/Users/shooterdev/Projet/ShooterDev/LAB/PHP/api_mangatheque/src/Validator/EmailExists.php">
      <class name="App\Validator\EmailExists" namespace="global">
        <metrics complexity="0" methods="0" coveredmethods="0" conditionals="0" coveredconditionals="0" statements="0" coveredstatements="0" elements="0" coveredelements="0"/>
      </class>
      <metrics loc="40" ncloc="13" classes="0" methods="0" coveredmethods="0" conditionals="0" coveredconditionals="0" statements="0" coveredstatements="0" elements="0" coveredelements="0"/>
    </file>
    <file name="/Users/shooterdev/Projet/ShooterDev/LAB/PHP/api_mangatheque/src/Validator/EmailExistsValidator.php">
      <class name="App\Validator\EmailExistsValidator" namespace="global">
        <metrics complexity="5" methods="2" coveredmethods="2" conditionals="0" coveredconditionals="0" statements="6" coveredstatements="6" elements="8" coveredelements="8"/>
      </class>
      <line num="45" type="method" name="__construct" visibility="public" complexity="1" crap="1" count="3"/>
      <line num="47" type="stmt" count="3"/>
      <line num="48" type="stmt" count="3"/>
      <line num="53" type="method" name="validate" visibility="public" complexity="4" crap="4" count="3"/>
      <line num="55" type="stmt" count="3"/>
      <line num="56" type="stmt" count="2"/>
      <line num="59" type="stmt" count="1"/>
      <line num="60" type="stmt" count="1"/>
      <metrics loc="61" ncloc="28" classes="1" methods="2" coveredmethods="2" conditionals="0" coveredconditionals="0" statements="6" coveredstatements="6" elements="8" coveredelements="8"/>
    </file>
    <metrics files="17" loc="1376" ncloc="776" classes="16" methods="59" coveredmethods="41" conditionals="0" coveredconditionals="0" statements="208" coveredstatements="158" elements="267" coveredelements="199"/>
  </project>
</coverage>
