<?xml version="1.0" encoding="UTF-8"?>
<coverage generated="1602124948">
  <project timestamp="1602124948">
    <file name="/Users/shooterdev/Projet/ShooterDev/LAB/PHP/api_mangatheque/src/Controller/SecurityController.php">
      <class name="App\Controller\SecurityController" namespace="global">
        <metrics complexity="6" methods="3" coveredmethods="2" conditionals="0" coveredconditionals="0" statements="17" coveredstatements="16" elements="20" coveredelements="18"/>
      </class>
      <line num="58" type="method" name="registration" visibility="public" complexity="4" crap="4" count="2"/>
      <line num="60" type="stmt" count="2"/>
      <line num="61" type="stmt" count="2"/>
      <line num="63" type="stmt" count="2"/>
      <line num="64" type="stmt" count="2"/>
      <line num="65" type="stmt" count="2"/>
      <line num="67" type="stmt" count="2"/>
      <line num="68" type="stmt" count="2"/>
      <line num="69" type="stmt" count="2"/>
      <line num="71" type="stmt" count="2"/>
      <line num="72" type="stmt" count="2"/>
      <line num="74" type="stmt" count="2"/>
      <line num="77" type="stmt" count="2"/>
      <line num="78" type="stmt" count="2"/>
      <line num="87" type="method" name="login" visibility="public" complexity="1" crap="1" count="2"/>
      <line num="92" type="stmt" count="2"/>
      <line num="93" type="stmt" count="2"/>
      <line num="94" type="stmt" count="2"/>
      <line num="100" type="method" name="logout" visibility="public" complexity="1" crap="2" count="0"/>
      <line num="102" type="stmt" count="0"/>
      <metrics loc="103" ncloc="59" classes="1" methods="3" coveredmethods="2" conditionals="0" coveredconditionals="0" statements="17" coveredstatements="16" elements="20" coveredelements="18"/>
    </file>
    <file name="/Users/shooterdev/Projet/ShooterDev/LAB/PHP/api_mangatheque/src/DataFixtures/AppFixtures.php">
      <class name="App\DataFixtures\AppFixtures" namespace="global">
        <metrics complexity="1" methods="1" coveredmethods="0" conditionals="0" coveredconditionals="0" statements="2" coveredstatements="0" elements="3" coveredelements="0"/>
      </class>
      <line num="10" type="method" name="load" visibility="public" complexity="1" crap="2" count="0"/>
      <line num="15" type="stmt" count="0"/>
      <line num="16" type="stmt" count="0"/>
      <metrics loc="17" ncloc="15" classes="1" methods="1" coveredmethods="0" conditionals="0" coveredconditionals="0" statements="2" coveredstatements="0" elements="3" coveredelements="0"/>
    </file>
    <file name="/Users/shooterdev/Projet/ShooterDev/LAB/PHP/api_mangatheque/src/DataFixtures/UserFixtures.php">
      <class name="App\DataFixtures\UserFixtures" namespace="global">
        <metrics complexity="2" methods="2" coveredmethods="0" conditionals="0" coveredconditionals="0" statements="19" coveredstatements="0" elements="21" coveredelements="0"/>
      </class>
      <line num="47" type="method" name="__construct" visibility="public" complexity="1" crap="2" count="0"/>
      <line num="49" type="stmt" count="0"/>
      <line num="50" type="stmt" count="0"/>
      <line num="54" type="method" name="load" visibility="public" complexity="1" crap="2" count="0"/>
      <line num="56" type="stmt" count="0"/>
      <line num="57" type="stmt" count="0"/>
      <line num="58" type="stmt" count="0"/>
      <line num="59" type="stmt" count="0"/>
      <line num="60" type="stmt" count="0"/>
      <line num="61" type="stmt" count="0"/>
      <line num="63" type="stmt" count="0"/>
      <line num="64" type="stmt" count="0"/>
      <line num="66" type="stmt" count="0"/>
      <line num="67" type="stmt" count="0"/>
      <line num="68" type="stmt" count="0"/>
      <line num="69" type="stmt" count="0"/>
      <line num="70" type="stmt" count="0"/>
      <line num="71" type="stmt" count="0"/>
      <line num="73" type="stmt" count="0"/>
      <line num="74" type="stmt" count="0"/>
      <line num="89" type="stmt" count="0"/>
      <metrics loc="90" ncloc="58" classes="1" methods="2" coveredmethods="0" conditionals="0" coveredconditionals="0" statements="19" coveredstatements="0" elements="21" coveredelements="0"/>
    </file>
    <file name="/Users/shooterdev/Projet/ShooterDev/LAB/PHP/api_mangatheque/src/Doctrine/UuidType.php">
      <class name="App\Doctrine\UuidType" namespace="global">
        <metrics complexity="13" methods="3" coveredmethods="0" conditionals="0" coveredconditionals="0" statements="17" coveredstatements="8" elements="20" coveredelements="8"/>
      </class>
      <line num="45" type="method" name="getName" visibility="public" complexity="1" crap="2" count="0"/>
      <line num="47" type="stmt" count="0"/>
      <line num="55" type="method" name="convertToPHPValue" visibility="public" complexity="5" crap="8.12" count="1"/>
      <line num="57" type="stmt" count="1"/>
      <line num="58" type="stmt" count="0"/>
      <line num="61" type="stmt" count="1"/>
      <line num="62" type="stmt" count="0"/>
      <line num="66" type="stmt" count="1"/>
      <line num="67" type="stmt" count="0"/>
      <line num="68" type="stmt" count="0"/>
      <line num="71" type="stmt" count="1"/>
      <line num="79" type="method" name="convertToDatabaseValue" visibility="public" complexity="7" crap="13.12" count="2"/>
      <line num="81" type="stmt" count="2"/>
      <line num="82" type="stmt" count="0"/>
      <line num="86" type="stmt" count="2"/>
      <line num="87" type="stmt" count="0"/>
      <line num="88" type="stmt" count="0"/>
      <line num="89" type="stmt" count="2"/>
      <line num="91" type="stmt" count="2"/>
      <line num="94" type="stmt" count="0"/>
      <metrics loc="96" ncloc="59" classes="1" methods="3" coveredmethods="0" conditionals="0" coveredconditionals="0" statements="17" coveredstatements="8" elements="20" coveredelements="8"/>
    </file>
    <file name="/Users/shooterdev/Projet/ShooterDev/LAB/PHP/api_mangatheque/src/Entity/Admin.php">
      <class name="App\Entity\Admin" namespace="global">
        <metrics complexity="1" methods="1" coveredmethods="1" conditionals="0" coveredconditionals="0" statements="1" coveredstatements="1" elements="2" coveredelements="2"/>
      </class>
      <line num="44" type="method" name="getRoles" visibility="public" complexity="1" crap="1" count="1"/>
      <line num="46" type="stmt" count="1"/>
      <metrics loc="48" ncloc="18" classes="1" methods="1" coveredmethods="1" conditionals="0" coveredconditionals="0" statements="1" coveredstatements="1" elements="2" coveredelements="2"/>
    </file>
    <file name="/Users/shooterdev/Projet/ShooterDev/LAB/PHP/api_mangatheque/src/Entity/User.php">
      <class name="App\Entity\User" namespace="global">
        <metrics complexity="15" methods="15" coveredmethods="13" conditionals="0" coveredconditionals="0" statements="22" coveredstatements="20" elements="37" coveredelements="33"/>
      </class>
      <line num="87" type="method" name="getId" visibility="public" complexity="1" crap="2" count="0"/>
      <line num="89" type="stmt" count="0"/>
      <line num="95" type="method" name="setId" visibility="public" complexity="1" crap="1" count="2"/>
      <line num="97" type="stmt" count="2"/>
      <line num="98" type="stmt" count="2"/>
      <line num="103" type="method" name="getFirstName" visibility="public" complexity="1" crap="1" count="2"/>
      <line num="105" type="stmt" count="2"/>
      <line num="111" type="method" name="setFirstName" visibility="public" complexity="1" crap="1" count="2"/>
      <line num="113" type="stmt" count="2"/>
      <line num="114" type="stmt" count="2"/>
      <line num="119" type="method" name="getLastName" visibility="public" complexity="1" crap="1" count="2"/>
      <line num="121" type="stmt" count="2"/>
      <line num="127" type="method" name="setLastName" visibility="public" complexity="1" crap="1" count="2"/>
      <line num="129" type="stmt" count="2"/>
      <line num="130" type="stmt" count="2"/>
      <line num="135" type="method" name="getEmail" visibility="public" complexity="1" crap="1" count="2"/>
      <line num="137" type="stmt" count="2"/>
      <line num="143" type="method" name="setEmail" visibility="public" complexity="1" crap="1" count="2"/>
      <line num="145" type="stmt" count="2"/>
      <line num="146" type="stmt" count="2"/>
      <line num="151" type="method" name="getPassword" visibility="public" complexity="1" crap="1" count="1"/>
      <line num="153" type="stmt" count="1"/>
      <line num="159" type="method" name="setPassword" visibility="public" complexity="1" crap="1" count="2"/>
      <line num="161" type="stmt" count="2"/>
      <line num="162" type="stmt" count="2"/>
      <line num="167" type="method" name="getPlainPassword" visibility="public" complexity="1" crap="1" count="2"/>
      <line num="169" type="stmt" count="2"/>
      <line num="175" type="method" name="setPlainPassword" visibility="public" complexity="1" crap="1" count="2"/>
      <line num="177" type="stmt" count="2"/>
      <line num="178" type="stmt" count="2"/>
      <line num="182" type="method" name="getSalt" visibility="public" complexity="1" crap="1" count="3"/>
      <line num="184" type="stmt" count="3"/>
      <line num="188" type="method" name="getUsername" visibility="public" complexity="1" crap="2" count="0"/>
      <line num="190" type="stmt" count="0"/>
      <line num="195" type="method" name="eraseCredentials" visibility="public" complexity="1" crap="1" count="1"/>
      <line num="197" type="stmt" count="1"/>
      <line num="198" type="stmt" count="1"/>
      <metrics loc="199" ncloc="93" classes="1" methods="15" coveredmethods="13" conditionals="0" coveredconditionals="0" statements="22" coveredstatements="20" elements="37" coveredelements="33"/>
    </file>
    <file name="/Users/shooterdev/Projet/ShooterDev/LAB/PHP/api_mangatheque/src/Entity/Utilisateur.php">
      <class name="App\Entity\Utilisateur" namespace="global">
        <metrics complexity="1" methods="1" coveredmethods="0" conditionals="0" coveredconditionals="0" statements="1" coveredstatements="0" elements="2" coveredelements="0"/>
      </class>
      <line num="44" type="method" name="getRoles" visibility="public" complexity="1" crap="2" count="0"/>
      <line num="46" type="stmt" count="0"/>
      <metrics loc="48" ncloc="18" classes="1" methods="1" coveredmethods="0" conditionals="0" coveredconditionals="0" statements="1" coveredstatements="0" elements="2" coveredelements="0"/>
    </file>
    <file name="/Users/shooterdev/Projet/ShooterDev/LAB/PHP/api_mangatheque/src/Form/RegistrationType.php">
      <class name="App\Form\RegistrationType" namespace="global">
        <metrics complexity="2" methods="2" coveredmethods="2" conditionals="0" coveredconditionals="0" statements="12" coveredstatements="12" elements="14" coveredelements="14"/>
      </class>
      <line num="42" type="method" name="buildForm" visibility="public" complexity="1" crap="1" count="2"/>
      <line num="45" type="stmt" count="2"/>
      <line num="46" type="stmt" count="2"/>
      <line num="49" type="stmt" count="2"/>
      <line num="50" type="stmt" count="2"/>
      <line num="53" type="stmt" count="2"/>
      <line num="54" type="stmt" count="2"/>
      <line num="57" type="stmt" count="2"/>
      <line num="58" type="stmt" count="2"/>
      <line num="61" type="stmt" count="2"/>
      <line num="63" type="method" name="configureOptions" visibility="public" complexity="1" crap="1" count="2"/>
      <line num="65" type="stmt" count="2"/>
      <line num="66" type="stmt" count="2"/>
      <line num="68" type="stmt" count="2"/>
      <metrics loc="69" ncloc="43" classes="1" methods="2" coveredmethods="2" conditionals="0" coveredconditionals="0" statements="12" coveredstatements="12" elements="14" coveredelements="14"/>
    </file>
    <file name="/Users/shooterdev/Projet/ShooterDev/LAB/PHP/api_mangatheque/src/Kernel.php">
      <class name="App\Kernel" namespace="global">
        <metrics complexity="6" methods="2" coveredmethods="0" conditionals="0" coveredconditionals="0" statements="15" coveredstatements="11" elements="17" coveredelements="11"/>
      </class>
      <line num="14" type="method" name="configureContainer" visibility="protected" complexity="3" crap="3.14" count="1"/>
      <line num="16" type="stmt" count="1"/>
      <line num="17" type="stmt" count="1"/>
      <line num="19" type="stmt" count="1"/>
      <line num="20" type="stmt" count="1"/>
      <line num="21" type="stmt" count="1"/>
      <line num="22" type="stmt" count="0"/>
      <line num="23" type="stmt" count="0"/>
      <line num="25" type="stmt" count="1"/>
      <line num="27" type="method" name="configureRoutes" visibility="protected" complexity="3" crap="3.21" count="1"/>
      <line num="29" type="stmt" count="1"/>
      <line num="30" type="stmt" count="1"/>
      <line num="32" type="stmt" count="1"/>
      <line num="33" type="stmt" count="1"/>
      <line num="34" type="stmt" count="0"/>
      <line num="35" type="stmt" count="0"/>
      <line num="37" type="stmt" count="1"/>
      <metrics loc="38" ncloc="38" classes="1" methods="2" coveredmethods="0" conditionals="0" coveredconditionals="0" statements="15" coveredstatements="11" elements="17" coveredelements="11"/>
    </file>
    <file name="/Users/shooterdev/Projet/ShooterDev/LAB/PHP/api_mangatheque/src/Security/Guard/WebAuthenticator.php">
      <class name="App\Security\Guard\WebAuthenticator" namespace="global">
        <metrics complexity="11" methods="8" coveredmethods="7" conditionals="0" coveredconditionals="0" statements="26" coveredstatements="25" elements="34" coveredelements="32"/>
      </class>
      <line num="67" type="method" name="__construct" visibility="public" complexity="1" crap="1" count="4"/>
      <line num="73" type="stmt" count="4"/>
      <line num="74" type="stmt" count="4"/>
      <line num="75" type="stmt" count="4"/>
      <line num="76" type="stmt" count="4"/>
      <line num="77" type="stmt" count="4"/>
      <line num="82" type="method" name="supports" visibility="public" complexity="2" crap="2" count="4"/>
      <line num="84" type="stmt" count="4"/>
      <line num="85" type="stmt" count="4"/>
      <line num="91" type="method" name="getCredentials" visibility="public" complexity="1" crap="1" count="2"/>
      <line num="94" type="stmt" count="2"/>
      <line num="95" type="stmt" count="2"/>
      <line num="96" type="stmt" count="2"/>
      <line num="98" type="stmt" count="2"/>
      <line num="99" type="stmt" count="2"/>
      <line num="100" type="stmt" count="2"/>
      <line num="103" type="stmt" count="2"/>
      <line num="110" type="method" name="getUser" visibility="public" complexity="3" crap="3.02" count="2"/>
      <line num="112" type="stmt" count="2"/>
      <line num="113" type="stmt" count="2"/>
      <line num="114" type="stmt" count="0"/>
      <line num="117" type="stmt" count="2"/>
      <line num="118" type="stmt" count="2"/>
      <line num="121" type="stmt" count="2"/>
      <line num="122" type="stmt" count="1"/>
      <line num="125" type="stmt" count="1"/>
      <line num="132" type="method" name="checkCredentials" visibility="public" complexity="1" crap="1" count="1"/>
      <line num="134" type="stmt" count="1"/>
      <line num="141" type="method" name="getPassword" visibility="public" complexity="1" crap="1" count="1"/>
      <line num="143" type="stmt" count="1"/>
      <line num="151" type="method" name="onAuthenticationSuccess" visibility="public" complexity="1" crap="1" count="1"/>
      <line num="153" type="stmt" count="1"/>
      <line num="158" type="method" name="getLoginUrl" visibility="protected" complexity="1" crap="1" count="1"/>
      <line num="160" type="stmt" count="1"/>
      <metrics loc="162" ncloc="101" classes="1" methods="8" coveredmethods="7" conditionals="0" coveredconditionals="0" statements="26" coveredstatements="25" elements="34" coveredelements="32"/>
    </file>
    <metrics files="10" loc="870" ncloc="502" classes="10" methods="38" coveredmethods="25" conditionals="0" coveredconditionals="0" statements="132" coveredstatements="93" elements="170" coveredelements="118"/>
  </project>
</coverage>
